<?xml version="1.0" encoding="UTF-8"?>
<!-- Generated by org.testng.reporters.JUnitReportReporter -->
<testsuite hostname="Abdullah-Harun" failures="0" tests="1" name="shippingPackage.ShippingTest" time="3.335" errors="0" timestamp="2022-11-13T07:27:57 EST" skipped="0">
  <testcase classname="shippingPackage.ShippingTest" name="atest" time="3.335"/>
  <system-out/>
</testsuite> <!-- shippingPackage.ShippingTest -->
