<?xml version="1.0" encoding="UTF-8"?>
<!-- Generated by org.testng.reporters.JUnitReportReporter -->
<testsuite hostname="Abdullah-Harun" failures="0" tests="1" name="track.TrackTest" time="39.327" errors="0" timestamp="2022-11-14T03:08:25 EST" skipped="0">
  <testcase classname="track.TrackTest" name="aTest" time="39.327"/>
  <system-out>
    <![CDATA[[[ChromeDriver: chrome on WINDOWS (14df139dd233e58983caed7dc9ff19fa)] -> xpath: //a[text()='United States - English']] : has been clicked ---> <br>
[[ChromeDriver: chrome on WINDOWS (14df139dd233e58983caed7dc9ff19fa)] -> xpath: //span[text()='Track']] : has been clicked ---> <br>
1Z320E00DG53916226 : has been passed to ---> [[ChromeDriver: chrome on WINDOWS (14df139dd233e58983caed7dc9ff19fa)] -> xpath: //input[@id='ups-track--qs']]<br>
Proxy element for: DefaultElementLocator 'By.id: stApp_widgetTrkNumBtn' : has been clicked ---> <br>]]>
  </system-out>
</testsuite> <!-- track.TrackTest -->
