<?xml version="1.0" encoding="UTF-8"?>
<!-- Generated by org.testng.reporters.JUnitReportReporter -->
<testsuite hostname="Abdullah-Harun" failures="0" tests="1" name="shippingPackage.ShippingTest" time="9.490" errors="0" timestamp="2022-11-12T06:30:12 EST" skipped="0">
  <testcase classname="shippingPackage.ShippingTest" name="atest" time="9.490"/>
  <system-out/>
</testsuite> <!-- shippingPackage.ShippingTest -->
