<?xml version="1.0" encoding="UTF-8"?>
<!-- Generated by org.testng.reporters.JUnitReportReporter -->
<testsuite hostname="Abdullah-Harun" failures="0" tests="1" name="home.HomePageTest" time="3.783" errors="0" timestamp="2022-11-14T03:06:54 EST" skipped="0">
  <testcase classname="home.HomePageTest" name="atest" time="3.783"/>
  <system-out/>
</testsuite> <!-- home.HomePageTest -->
